Determining if the pthread_create exist failed with the following output:
Change Dir: /home/hyperxai01/can-autoware/build/CMakeFiles/CMakeTmp

Run Build Command:"/usr/bin/make" "cmTC_be628/fast"
/usr/bin/make -f CMakeFiles/cmTC_be628.dir/build.make CMakeFiles/cmTC_be628.dir/build
make[1]: Entering directory '/home/hyperxai01/can-autoware/build/CMakeFiles/CMakeTmp'
Building C object CMakeFiles/cmTC_be628.dir/CheckSymbolExists.c.o
/usr/bin/cc     -o CMakeFiles/cmTC_be628.dir/CheckSymbolExists.c.o   -c /home/hyperxai01/can-autoware/build/CMakeFiles/CMakeTmp/CheckSymbolExists.c
Linking C executable cmTC_be628
/usr/bin/cmake -E cmake_link_script CMakeFiles/cmTC_be628.dir/link.txt --verbose=1
/usr/bin/cc       CMakeFiles/cmTC_be628.dir/CheckSymbolExists.c.o  -o cmTC_be628 -rdynamic 
CMakeFiles/cmTC_be628.dir/CheckSymbolExists.c.o: In function `main':
CheckSymbolExists.c:(.text+0x16): undefined reference to `pthread_create'
collect2: error: ld returned 1 exit status
CMakeFiles/cmTC_be628.dir/build.make:97: recipe for target 'cmTC_be628' failed
make[1]: *** [cmTC_be628] Error 1
make[1]: Leaving directory '/home/hyperxai01/can-autoware/build/CMakeFiles/CMakeTmp'
Makefile:126: recipe for target 'cmTC_be628/fast' failed
make: *** [cmTC_be628/fast] Error 2

File /home/hyperxai01/can-autoware/build/CMakeFiles/CMakeTmp/CheckSymbolExists.c:
/* */
#include <pthread.h>

int main(int argc, char** argv)
{
  (void)argv;
#ifndef pthread_create
  return ((int*)(&pthread_create))[argc];
#else
  (void)argc;
  return 0;
#endif
}

Determining if the function pthread_create exists in the pthreads failed with the following output:
Change Dir: /home/hyperxai01/can-autoware/build/CMakeFiles/CMakeTmp

Run Build Command:"/usr/bin/make" "cmTC_38bba/fast"
/usr/bin/make -f CMakeFiles/cmTC_38bba.dir/build.make CMakeFiles/cmTC_38bba.dir/build
make[1]: Entering directory '/home/hyperxai01/can-autoware/build/CMakeFiles/CMakeTmp'
Building C object CMakeFiles/cmTC_38bba.dir/CheckFunctionExists.c.o
/usr/bin/cc    -DCHECK_FUNCTION_EXISTS=pthread_create   -o CMakeFiles/cmTC_38bba.dir/CheckFunctionExists.c.o   -c /usr/share/cmake-3.5/Modules/CheckFunctionExists.c
Linking C executable cmTC_38bba
/usr/bin/cmake -E cmake_link_script CMakeFiles/cmTC_38bba.dir/link.txt --verbose=1
/usr/bin/cc   -DCHECK_FUNCTION_EXISTS=pthread_create    CMakeFiles/cmTC_38bba.dir/CheckFunctionExists.c.o  -o cmTC_38bba -rdynamic -lpthreads 
/usr/bin/ld: cannot find -lpthreads
collect2: error: ld returned 1 exit status
CMakeFiles/cmTC_38bba.dir/build.make:97: recipe for target 'cmTC_38bba' failed
make[1]: *** [cmTC_38bba] Error 1
make[1]: Leaving directory '/home/hyperxai01/can-autoware/build/CMakeFiles/CMakeTmp'
Makefile:126: recipe for target 'cmTC_38bba/fast' failed
make: *** [cmTC_38bba/fast] Error 2


